#
# There is insufficient memory for the Java Runtime Environment to continue.
# Native memory allocation (malloc) failed to allocate 1064336 bytes for Chunk::new
# Possible reasons:
#   The system is out of physical RAM or swap space
#   The process is running with CompressedOops enabled, and the Java Heap may be blocking the growth of the native heap
# Possible solutions:
#   Reduce memory load on the system
#   Increase physical memory or swap space
#   Check if swap backing store is full
#   Decrease Java heap size (-Xmx/-Xms)
#   Decrease number of Java threads
#   Decrease Java thread stack sizes (-Xss)
#   Set larger code cache with -XX:ReservedCodeCacheSize=
#   JVM is running with Unscaled Compressed Oops mode in which the Java heap is
#     placed in the first 4GB address space. The Java Heap base address is the
#     maximum limit for the native heap growth. Please use -XX:HeapBaseMinAddress
#     to set the Java Heap base and to place the Java Heap above 4GB virtual address.
# This output file may be truncated or incomplete.
#
#  Out of Memory Error (./src/hotspot/share/memory/arena.cpp:197), pid=4288, tid=3680
#
# JRE version: OpenJDK Runtime Environment (11.0.13) (build 11.0.13+0-b1751.21-8125866)
# Java VM: OpenJDK 64-Bit Server VM (11.0.13+0-b1751.21-8125866, mixed mode, tiered, compressed oops, g1 gc, windows-amd64)
# No core dump will be written. Minidumps are not enabled by default on client versions of Windows
#

---------------  S U M M A R Y ------------

Command Line: org.jetbrains.kotlin.cli.jvm.K2JVMCompiler @C:\Users\Nadezhda S\AndroidStudioProjects\Maket1\app\build\20221101_5598464213061308539.compiler.options

Host: Intel(R) Core(TM) i5-2450M CPU @ 2.50GHz, 4 cores, 7G,  Windows 8.1 , 64 bit Build 9600 (6.3.9600.20389)
Time: Tue Nov  1 23:00:36 2022 RTZ 4 (ceia) elapsed time: 4.885364 seconds (0d 0h 0m 4s)

---------------  T H R E A D  ---------------

Current thread (0x0000008382894000):  JavaThread "C2 CompilerThread0" daemon [_thread_in_native, id=3680, stack(0x0000008383000000,0x0000008383100000)]


Current CompileTask:
C2:   4885 2947       4       java.lang.ClassLoader::loadClass (7 bytes)

Stack: [0x0000008383000000,0x0000008383100000]
Native frames: (J=compiled Java code, j=interpreted, Vv=VM code, C=native code)
V  [jvm.dll+0x6100fa]
V  [jvm.dll+0x747090]
V  [jvm.dll+0x7486ad]
V  [jvm.dll+0x748d83]
V  [jvm.dll+0x24ab48]
V  [jvm.dll+0xc04dc]
V  [jvm.dll+0xc0a0c]
V  [jvm.dll+0x2bfab4]
V  [jvm.dll+0x524238]
V  [jvm.dll+0x20b193]
V  [jvm.dll+0x204ca0]
V  [jvm.dll+0x2023c2]
V  [jvm.dll+0x188e01]
V  [jvm.dll+0x21106b]
V  [jvm.dll+0x20f8c1]
V  [jvm.dll+0x70de0f]
V  [jvm.dll+0x706a75]
V  [jvm.dll+0x60ed66]
C  [ucrtbase.DLL+0x1f4a0]
C  [KERNEL32.DLL+0x1412]
C  [ntdll.dll+0x15504]


---------------  P R O C E S S  ---------------

Threads class SMR info:
_java_thread_list=0x00000083864b8380, length=11, elements={
0x00000083e5c8c000, 0x0000008382811800, 0x0000008382812000, 0x000000838288c800,
0x000000838288e000, 0x000000838288f000, 0x0000008382894000, 0x0000008382898800,
0x00000083828a3000, 0x0000008382a10000, 0x00000083872ad800
}

Java Threads: ( => current thread )
  0x00000083e5c8c000 JavaThread "main" [_thread_in_vm, id=4208, stack(0x00000083e73b0000,0x00000083e74b0000)]
  0x0000008382811800 JavaThread "Reference Handler" daemon [_thread_blocked, id=1432, stack(0x00000083ffe90000,0x00000083fff90000)]
  0x0000008382812000 JavaThread "Finalizer" daemon [_thread_blocked, id=4184, stack(0x0000008382c00000,0x0000008382d00000)]
  0x000000838288c800 JavaThread "Signal Dispatcher" daemon [_thread_blocked, id=4584, stack(0x0000008382d00000,0x0000008382e00000)]
  0x000000838288e000 JavaThread "Attach Listener" daemon [_thread_blocked, id=4852, stack(0x0000008382e00000,0x0000008382f00000)]
  0x000000838288f000 JavaThread "Service Thread" daemon [_thread_blocked, id=4880, stack(0x0000008382f00000,0x0000008383000000)]
=>0x0000008382894000 JavaThread "C2 CompilerThread0" daemon [_thread_in_native, id=3680, stack(0x0000008383000000,0x0000008383100000)]
  0x0000008382898800 JavaThread "C1 CompilerThread0" daemon [_thread_blocked, id=4496, stack(0x0000008383100000,0x0000008383200000)]
  0x00000083828a3000 JavaThread "Sweeper thread" daemon [_thread_blocked, id=5024, stack(0x0000008383200000,0x0000008383300000)]
  0x0000008382a10000 JavaThread "Common-Cleaner" daemon [_thread_blocked, id=4436, stack(0x0000008383400000,0x0000008383500000)]
  0x00000083872ad800 JavaThread "C2 CompilerThread1" daemon [_thread_blocked, id=3212, stack(0x0000008385ad0000,0x0000008385bd0000)]

Other Threads:
  0x00000083ffb8e000 VMThread "VM Thread" [stack: 0x00000083ffd90000,0x00000083ffe90000] [id=4588]
  0x0000008382a05800 WatcherThread [stack: 0x0000008383300000,0x0000008383400000] [id=4176]
  0x00000083e7d20800 GCTaskThread "GC Thread#0" [stack: 0x00000083e7690000,0x00000083e7790000] [id=5012]
  0x00000083836e7000 GCTaskThread "GC Thread#1" [stack: 0x0000008383f00000,0x0000008384000000] [id=5108]
  0x000000838387f800 GCTaskThread "GC Thread#2" [stack: 0x0000008384000000,0x0000008384100000] [id=4804]
  0x00000083e7d52000 ConcurrentGCThread "G1 Main Marker" [stack: 0x00000083ff350000,0x00000083ff450000] [id=4876]
  0x00000083e7d53800 ConcurrentGCThread "G1 Conc#0" [stack: 0x00000083ff450000,0x00000083ff550000] [id=4828]
  0x00000083ff9ff000 ConcurrentGCThread "G1 Refine#0" [stack: 0x00000083ffb90000,0x00000083ffc90000] [id=5064]
  0x00000083ffa00000 ConcurrentGCThread "G1 Young RemSet Sampling" [stack: 0x00000083ffc90000,0x00000083ffd90000] [id=4444]

Threads with active compile tasks:
C2 CompilerThread0   4907 2947       4       java.lang.ClassLoader::loadClass (7 bytes)

VM state:not at safepoint (normal execution)

VM Mutex/Monitor currently owned by a thread: None

Heap address: 0x0000000081400000, size: 2028 MB, Compressed Oops mode: 32-bit
Narrow klass base: 0x0000000000000000, Narrow klass shift: 3
Compressed class space size: 1073741824 Address: 0x0000000100000000

Heap:
 garbage-first heap   total 131072K, used 59911K [0x0000000081400000, 0x0000000100000000)
  region size 1024K, 44 young (45056K), 5 survivors (5120K)
 Metaspace       used 43653K, capacity 44137K, committed 44368K, reserved 1087488K
  class space    used 5178K, capacity 5384K, committed 5500K, reserved 1048576K
Heap Regions: E=young(eden), S=young(survivor), O=old, HS=humongous(starts), HC=humongous(continues), CS=collection set, F=free, A=archive, TAMS=top-at-mark-start (previous, next)
|   0|0x0000000081400000, 0x0000000081500000, 0x0000000081500000|100%|HS|  |TAMS 0x0000000081500000, 0x0000000081400000| Complete 
|   1|0x0000000081500000, 0x0000000081600000, 0x0000000081600000|100%|HC|  |TAMS 0x0000000081600000, 0x0000000081500000| Complete 
|   2|0x0000000081600000, 0x0000000081700000, 0x0000000081700000|100%|HC|  |TAMS 0x0000000081700000, 0x0000000081600000| Complete 
|   3|0x0000000081700000, 0x0000000081800000, 0x0000000081800000|100%| O|  |TAMS 0x0000000081800000, 0x0000000081700000| Untracked 
|   4|0x0000000081800000, 0x0000000081900000, 0x0000000081900000|100%| O|  |TAMS 0x0000000081900000, 0x0000000081800000| Untracked 
|   5|0x0000000081900000, 0x0000000081a00000, 0x0000000081a00000|100%|HS|  |TAMS 0x0000000081a00000, 0x0000000081900000| Complete 
|   6|0x0000000081a00000, 0x0000000081b00000, 0x0000000081b00000|100%|HC|  |TAMS 0x0000000081b00000, 0x0000000081a00000| Complete 
|   7|0x0000000081b00000, 0x0000000081c00000, 0x0000000081c00000|100%|HC|  |TAMS 0x0000000081c00000, 0x0000000081b00000| Complete 
|   8|0x0000000081c00000, 0x0000000081c00000, 0x0000000081d00000|  0%| F|  |TAMS 0x0000000081c00000, 0x0000000081c00000| Untracked 
|   9|0x0000000081d00000, 0x0000000081d00000, 0x0000000081e00000|  0%| F|  |TAMS 0x0000000081d00000, 0x0000000081d00000| Untracked 
|  10|0x0000000081e00000, 0x0000000081f00000, 0x0000000081f00000|100%| O|  |TAMS 0x0000000081f00000, 0x0000000081e00000| Untracked 
|  11|0x0000000081f00000, 0x0000000082000000, 0x0000000082000000|100%| O|  |TAMS 0x0000000082000000, 0x0000000081f00000| Untracked 
|  12|0x0000000082000000, 0x0000000082100000, 0x0000000082100000|100%| O|  |TAMS 0x0000000082100000, 0x0000000082000000| Untracked 
|  13|0x0000000082100000, 0x0000000082200000, 0x0000000082200000|100%| O|  |TAMS 0x0000000082200000, 0x0000000082100000| Untracked 
|  14|0x0000000082200000, 0x0000000082300000, 0x0000000082300000|100%| O|  |TAMS 0x0000000082300000, 0x0000000082200000| Untracked 
|  15|0x0000000082300000, 0x0000000082400000, 0x0000000082400000|100%| O|  |TAMS 0x0000000082400000, 0x0000000082300000| Untracked 
|  16|0x0000000082400000, 0x0000000082500000, 0x0000000082500000|100%| O|  |TAMS 0x0000000082500000, 0x0000000082400000| Untracked 
|  17|0x0000000082500000, 0x0000000082600000, 0x0000000082600000|100%| O|  |TAMS 0x0000000082600000, 0x0000000082500000| Untracked 
|  18|0x0000000082600000, 0x0000000082641800, 0x0000000082700000| 25%| O|  |TAMS 0x0000000082641800, 0x0000000082600000| Untracked 
|  19|0x0000000082700000, 0x0000000082700000, 0x0000000082800000|  0%| F|  |TAMS 0x0000000082700000, 0x0000000082700000| Untracked 
|  20|0x0000000082800000, 0x0000000082800000, 0x0000000082900000|  0%| F|  |TAMS 0x0000000082800000, 0x0000000082800000| Untracked 
|  21|0x0000000082900000, 0x0000000082900000, 0x0000000082a00000|  0%| F|  |TAMS 0x0000000082900000, 0x0000000082900000| Untracked 
|  22|0x0000000082a00000, 0x0000000082a00000, 0x0000000082b00000|  0%| F|  |TAMS 0x0000000082a00000, 0x0000000082a00000| Untracked 
|  23|0x0000000082b00000, 0x0000000082b00000, 0x0000000082c00000|  0%| F|  |TAMS 0x0000000082b00000, 0x0000000082b00000| Untracked 
|  24|0x0000000082c00000, 0x0000000082c00000, 0x0000000082d00000|  0%| F|  |TAMS 0x0000000082c00000, 0x0000000082c00000| Untracked 
|  25|0x0000000082d00000, 0x0000000082d00000, 0x0000000082e00000|  0%| F|  |TAMS 0x0000000082d00000, 0x0000000082d00000| Untracked 
|  26|0x0000000082e00000, 0x0000000082e00000, 0x0000000082f00000|  0%| F|  |TAMS 0x0000000082e00000, 0x0000000082e00000| Untracked 
|  27|0x0000000082f00000, 0x0000000082f00000, 0x0000000083000000|  0%| F|  |TAMS 0x0000000082f00000, 0x0000000082f00000| Untracked 
|  28|0x0000000083000000, 0x0000000083000000, 0x0000000083100000|  0%| F|  |TAMS 0x0000000083000000, 0x0000000083000000| Untracked 
|  29|0x0000000083100000, 0x0000000083100000, 0x0000000083200000|  0%| F|  |TAMS 0x0000000083100000, 0x0000000083100000| Untracked 
|  30|0x0000000083200000, 0x0000000083200000, 0x0000000083300000|  0%| F|  |TAMS 0x0000000083200000, 0x0000000083200000| Untracked 
|  31|0x0000000083300000, 0x0000000083300000, 0x0000000083400000|  0%| F|  |TAMS 0x0000000083300000, 0x0000000083300000| Untracked 
|  32|0x0000000083400000, 0x0000000083400000, 0x0000000083500000|  0%| F|  |TAMS 0x0000000083400000, 0x0000000083400000| Untracked 
|  33|0x0000000083500000, 0x0000000083500000, 0x0000000083600000|  0%| F|  |TAMS 0x0000000083500000, 0x0000000083500000| Untracked 
|  34|0x0000000083600000, 0x0000000083600000, 0x0000000083700000|  0%| F|  |TAMS 0x0000000083600000, 0x0000000083600000| Untracked 
|  35|0x0000000083700000, 0x0000000083700000, 0x0000000083800000|  0%| F|  |TAMS 0x0000000083700000, 0x0000000083700000| Untracked 
|  36|0x0000000083800000, 0x0000000083800000, 0x0000000083900000|  0%| F|  |TAMS 0x0000000083800000, 0x0000000083800000| Untracked 
|  37|0x0000000083900000, 0x0000000083900000, 0x0000000083a00000|  0%| F|  |TAMS 0x0000000083900000, 0x0000000083900000| Untracked 
|  38|0x0000000083a00000, 0x0000000083a00000, 0x0000000083b00000|  0%| F|  |TAMS 0x0000000083a00000, 0x0000000083a00000| Untracked 
|  39|0x0000000083b00000, 0x0000000083b00000, 0x0000000083c00000|  0%| F|  |TAMS 0x0000000083b00000, 0x0000000083b00000| Untracked 
|  40|0x0000000083c00000, 0x0000000083c00000, 0x0000000083d00000|  0%| F|  |TAMS 0x0000000083c00000, 0x0000000083c00000| Untracked 
|  41|0x0000000083d00000, 0x0000000083d00000, 0x0000000083e00000|  0%| F|  |TAMS 0x0000000083d00000, 0x0000000083d00000| Untracked 
|  42|0x0000000083e00000, 0x0000000083e00000, 0x0000000083f00000|  0%| F|  |TAMS 0x0000000083e00000, 0x0000000083e00000| Untracked 
|  43|0x0000000083f00000, 0x0000000083f00000, 0x0000000084000000|  0%| F|  |TAMS 0x0000000083f00000, 0x0000000083f00000| Untracked 
|  44|0x0000000084000000, 0x0000000084000000, 0x0000000084100000|  0%| F|  |TAMS 0x0000000084000000, 0x0000000084000000| Untracked 
|  45|0x0000000084100000, 0x0000000084100000, 0x0000000084200000|  0%| F|  |TAMS 0x0000000084100000, 0x0000000084100000| Untracked 
|  46|0x0000000084200000, 0x0000000084200000, 0x0000000084300000|  0%| F|  |TAMS 0x0000000084200000, 0x0000000084200000| Untracked 
|  47|0x0000000084300000, 0x0000000084300000, 0x0000000084400000|  0%| F|  |TAMS 0x0000000084300000, 0x0000000084300000| Untracked 
|  48|0x0000000084400000, 0x0000000084400000, 0x0000000084500000|  0%| F|  |TAMS 0x0000000084400000, 0x0000000084400000| Untracked 
|  49|0x0000000084500000, 0x0000000084500000, 0x0000000084600000|  0%| F|  |TAMS 0x0000000084500000, 0x0000000084500000| Untracked 
|  50|0x0000000084600000, 0x0000000084600000, 0x0000000084700000|  0%| F|  |TAMS 0x0000000084600000, 0x0000000084600000| Untracked 
|  51|0x0000000084700000, 0x0000000084700000, 0x0000000084800000|  0%| F|  |TAMS 0x0000000084700000, 0x0000000084700000| Untracked 
|  52|0x0000000084800000, 0x0000000084800000, 0x0000000084900000|  0%| F|  |TAMS 0x0000000084800000, 0x0000000084800000| Untracked 
|  53|0x0000000084900000, 0x0000000084900000, 0x0000000084a00000|  0%| F|  |TAMS 0x0000000084900000, 0x0000000084900000| Untracked 
|  54|0x0000000084a00000, 0x0000000084a00000, 0x0000000084b00000|  0%| F|  |TAMS 0x0000000084a00000, 0x0000000084a00000| Untracked 
|  55|0x0000000084b00000, 0x0000000084b00000, 0x0000000084c00000|  0%| F|  |TAMS 0x0000000084b00000, 0x0000000084b00000| Untracked 
|  56|0x0000000084c00000, 0x0000000084c00000, 0x0000000084d00000|  0%| F|  |TAMS 0x0000000084c00000, 0x0000000084c00000| Untracked 
|  57|0x0000000084d00000, 0x0000000084d00000, 0x0000000084e00000|  0%| F|  |TAMS 0x0000000084d00000, 0x0000000084d00000| Untracked 
|  58|0x0000000084e00000, 0x0000000084e00000, 0x0000000084f00000|  0%| F|  |TAMS 0x0000000084e00000, 0x0000000084e00000| Untracked 
|  59|0x0000000084f00000, 0x0000000084f00000, 0x0000000085000000|  0%| F|  |TAMS 0x0000000084f00000, 0x0000000084f00000| Untracked 
|  60|0x0000000085000000, 0x0000000085000000, 0x0000000085100000|  0%| F|  |TAMS 0x0000000085000000, 0x0000000085000000| Untracked 
|  61|0x0000000085100000, 0x0000000085100000, 0x0000000085200000|  0%| F|  |TAMS 0x0000000085100000, 0x0000000085100000| Untracked 
|  62|0x0000000085200000, 0x0000000085200000, 0x0000000085300000|  0%| F|  |TAMS 0x0000000085200000, 0x0000000085200000| Untracked 
|  63|0x0000000085300000, 0x0000000085300000, 0x0000000085400000|  0%| F|  |TAMS 0x0000000085300000, 0x0000000085300000| Untracked 
|  64|0x0000000085400000, 0x0000000085400000, 0x0000000085500000|  0%| F|  |TAMS 0x0000000085400000, 0x0000000085400000| Untracked 
|  65|0x0000000085500000, 0x0000000085500000, 0x0000000085600000|  0%| F|  |TAMS 0x0000000085500000, 0x0000000085500000| Untracked 
|  66|0x0000000085600000, 0x0000000085600000, 0x0000000085700000|  0%| F|  |TAMS 0x0000000085600000, 0x0000000085600000| Untracked 
|  67|0x0000000085700000, 0x0000000085700000, 0x0000000085800000|  0%| F|  |TAMS 0x0000000085700000, 0x0000000085700000| Untracked 
|  68|0x0000000085800000, 0x0000000085800000, 0x0000000085900000|  0%| F|  |TAMS 0x0000000085800000, 0x0000000085800000| Untracked 
|  69|0x0000000085900000, 0x0000000085900000, 0x0000000085a00000|  0%| F|  |TAMS 0x0000000085900000, 0x0000000085900000| Untracked 
|  70|0x0000000085a00000, 0x0000000085a00000, 0x0000000085b00000|  0%| F|  |TAMS 0x0000000085a00000, 0x0000000085a00000| Untracked 
|  71|0x0000000085b00000, 0x0000000085b00000, 0x0000000085c00000|  0%| F|  |TAMS 0x0000000085b00000, 0x0000000085b00000| Untracked 
|  72|0x0000000085c00000, 0x0000000085c00000, 0x0000000085d00000|  0%| F|  |TAMS 0x0000000085c00000, 0x0000000085c00000| Untracked 
|  73|0x0000000085d00000, 0x0000000085d00000, 0x0000000085e00000|  0%| F|  |TAMS 0x0000000085d00000, 0x0000000085d00000| Untracked 
|  74|0x0000000085e00000, 0x0000000085e00000, 0x0000000085f00000|  0%| F|  |TAMS 0x0000000085e00000, 0x0000000085e00000| Untracked 
|  75|0x0000000085f00000, 0x0000000085f00000, 0x0000000086000000|  0%| F|  |TAMS 0x0000000085f00000, 0x0000000085f00000| Untracked 
|  76|0x0000000086000000, 0x0000000086000000, 0x0000000086100000|  0%| F|  |TAMS 0x0000000086000000, 0x0000000086000000| Untracked 
|  77|0x0000000086100000, 0x0000000086100000, 0x0000000086200000|  0%| F|  |TAMS 0x0000000086100000, 0x0000000086100000| Untracked 
|  78|0x0000000086200000, 0x0000000086200000, 0x0000000086300000|  0%| F|  |TAMS 0x0000000086200000, 0x0000000086200000| Untracked 
|  79|0x0000000086300000, 0x0000000086300000, 0x0000000086400000|  0%| F|  |TAMS 0x0000000086300000, 0x0000000086300000| Untracked 
|  80|0x0000000086400000, 0x0000000086400000, 0x0000000086500000|  0%| F|  |TAMS 0x0000000086400000, 0x0000000086400000| Untracked 
|  81|0x0000000086500000, 0x0000000086500000, 0x0000000086600000|  0%| F|  |TAMS 0x0000000086500000, 0x0000000086500000| Untracked 
|  82|0x0000000086600000, 0x0000000086600000, 0x0000000086700000|  0%| F|  |TAMS 0x0000000086600000, 0x0000000086600000| Untracked 
|  83|0x0000000086700000, 0x0000000086700000, 0x0000000086800000|  0%| F|  |TAMS 0x0000000086700000, 0x0000000086700000| Untracked 
|  84|0x0000000086800000, 0x0000000086900000, 0x0000000086900000|100%| E|  |TAMS 0x0000000086800000, 0x0000000086800000| Complete 
|  85|0x0000000086900000, 0x0000000086a00000, 0x0000000086a00000|100%| E|CS|TAMS 0x0000000086900000, 0x0000000086900000| Complete 
|  86|0x0000000086a00000, 0x0000000086b00000, 0x0000000086b00000|100%| E|CS|TAMS 0x0000000086a00000, 0x0000000086a00000| Complete 
|  87|0x0000000086b00000, 0x0000000086c00000, 0x0000000086c00000|100%| E|CS|TAMS 0x0000000086b00000, 0x0000000086b00000| Complete 
|  88|0x0000000086c00000, 0x0000000086d00000, 0x0000000086d00000|100%| E|CS|TAMS 0x0000000086c00000, 0x0000000086c00000| Complete 
|  89|0x0000000086d00000, 0x0000000086e00000, 0x0000000086e00000|100%| E|CS|TAMS 0x0000000086d00000, 0x0000000086d00000| Complete 
|  90|0x0000000086e00000, 0x0000000086f00000, 0x0000000086f00000|100%| E|CS|TAMS 0x0000000086e00000, 0x0000000086e00000| Complete 
|  91|0x0000000086f00000, 0x0000000087000000, 0x0000000087000000|100%| E|CS|TAMS 0x0000000086f00000, 0x0000000086f00000| Complete 
|  92|0x0000000087000000, 0x0000000087100000, 0x0000000087100000|100%| E|CS|TAMS 0x0000000087000000, 0x0000000087000000| Complete 
|  93|0x0000000087100000, 0x0000000087200000, 0x0000000087200000|100%| E|CS|TAMS 0x0000000087100000, 0x0000000087100000| Complete 
|  94|0x0000000087200000, 0x0000000087300000, 0x0000000087300000|100%| E|CS|TAMS 0x0000000087200000, 0x0000000087200000| Complete 
|  95|0x0000000087300000, 0x0000000087400000, 0x0000000087400000|100%| E|CS|TAMS 0x0000000087300000, 0x0000000087300000| Complete 
|  96|0x0000000087400000, 0x00000000874405a8, 0x0000000087500000| 25%| S|CS|TAMS 0x0000000087400000, 0x0000000087400000| Complete 
|  97|0x0000000087500000, 0x0000000087600000, 0x0000000087600000|100%| S|CS|TAMS 0x0000000087500000, 0x0000000087500000| Complete 
|  98|0x0000000087600000, 0x0000000087700000, 0x0000000087700000|100%| S|CS|TAMS 0x0000000087600000, 0x0000000087600000| Complete 
|  99|0x0000000087700000, 0x0000000087800000, 0x0000000087800000|100%| S|CS|TAMS 0x0000000087700000, 0x0000000087700000| Complete 
| 100|0x0000000087800000, 0x0000000087900000, 0x0000000087900000|100%| S|CS|TAMS 0x0000000087800000, 0x0000000087800000| Complete 
| 101|0x0000000087900000, 0x0000000087a00000, 0x0000000087a00000|100%| E|CS|TAMS 0x0000000087900000, 0x0000000087900000| Complete 
| 102|0x0000000087a00000, 0x0000000087b00000, 0x0000000087b00000|100%| E|CS|TAMS 0x0000000087a00000, 0x0000000087a00000| Complete 
| 103|0x0000000087b00000, 0x0000000087c00000, 0x0000000087c00000|100%| E|CS|TAMS 0x0000000087b00000, 0x0000000087b00000| Complete 
| 104|0x0000000087c00000, 0x0000000087d00000, 0x0000000087d00000|100%| E|CS|TAMS 0x0000000087c00000, 0x0000000087c00000| Complete 
| 105|0x0000000087d00000, 0x0000000087e00000, 0x0000000087e00000|100%| E|CS|TAMS 0x0000000087d00000, 0x0000000087d00000| Complete 
| 106|0x0000000087e00000, 0x0000000087f00000, 0x0000000087f00000|100%| E|CS|TAMS 0x0000000087e00000, 0x0000000087e00000| Complete 
| 107|0x0000000087f00000, 0x0000000088000000, 0x0000000088000000|100%| E|CS|TAMS 0x0000000087f00000, 0x0000000087f00000| Complete 
| 108|0x0000000088000000, 0x0000000088100000, 0x0000000088100000|100%| E|CS|TAMS 0x0000000088000000, 0x0000000088000000| Complete 
| 109|0x0000000088100000, 0x0000000088200000, 0x0000000088200000|100%| E|CS|TAMS 0x0000000088100000, 0x0000000088100000| Complete 
| 110|0x0000000088200000, 0x0000000088300000, 0x0000000088300000|100%| E|CS|TAMS 0x0000000088200000, 0x0000000088200000| Complete 
| 111|0x0000000088300000, 0x0000000088400000, 0x0000000088400000|100%| E|CS|TAMS 0x0000000088300000, 0x0000000088300000| Complete 
| 112|0x0000000088400000, 0x0000000088500000, 0x0000000088500000|100%| E|CS|TAMS 0x0000000088400000, 0x0000000088400000| Complete 
| 113|0x0000000088500000, 0x0000000088600000, 0x0000000088600000|100%| E|CS|TAMS 0x0000000088500000, 0x0000000088500000| Complete 
| 114|0x0000000088600000, 0x0000000088700000, 0x0000000088700000|100%| E|CS|TAMS 0x0000000088600000, 0x0000000088600000| Complete 
| 115|0x0000000088700000, 0x0000000088800000, 0x0000000088800000|100%| E|CS|TAMS 0x0000000088700000, 0x0000000088700000| Complete 
| 116|0x0000000088800000, 0x0000000088900000, 0x0000000088900000|100%| E|CS|TAMS 0x0000000088800000, 0x0000000088800000| Complete 
| 117|0x0000000088900000, 0x0000000088a00000, 0x0000000088a00000|100%| E|CS|TAMS 0x0000000088900000, 0x0000000088900000| Complete 
| 118|0x0000000088a00000, 0x0000000088b00000, 0x0000000088b00000|100%| E|CS|TAMS 0x0000000088a00000, 0x0000000088a00000| Complete 
| 119|0x0000000088b00000, 0x0000000088c00000, 0x0000000088c00000|100%| E|CS|TAMS 0x0000000088b00000, 0x0000000088b00000| Complete 
| 120|0x0000000088c00000, 0x0000000088d00000, 0x0000000088d00000|100%| E|CS|TAMS 0x0000000088c00000, 0x0000000088c00000| Complete 
| 121|0x0000000088d00000, 0x0000000088e00000, 0x0000000088e00000|100%| E|CS|TAMS 0x0000000088d00000, 0x0000000088d00000| Complete 
| 122|0x0000000088e00000, 0x0000000088f00000, 0x0000000088f00000|100%| E|CS|TAMS 0x0000000088e00000, 0x0000000088e00000| Complete 
| 123|0x0000000088f00000, 0x0000000089000000, 0x0000000089000000|100%| E|CS|TAMS 0x0000000088f00000, 0x0000000088f00000| Complete 
| 124|0x0000000089000000, 0x0000000089100000, 0x0000000089100000|100%| E|CS|TAMS 0x0000000089000000, 0x0000000089000000| Complete 
| 125|0x0000000089100000, 0x0000000089200000, 0x0000000089200000|100%| E|CS|TAMS 0x0000000089100000, 0x0000000089100000| Complete 
| 126|0x0000000089200000, 0x0000000089300000, 0x0000000089300000|100%| E|CS|TAMS 0x0000000089200000, 0x0000000089200000| Complete 
| 127|0x0000000089300000, 0x0000000089400000, 0x0000000089400000|100%| E|CS|TAMS 0x0000000089300000, 0x0000000089300000| Complete 

Card table byte_map: [0x00000083fabf0000,0x00000083faff0000] _byte_map_base: 0x00000083fa7e6000

Marking Bits (Prev, Next): (CMBitMap*) 0x00000083e7d49638, (CMBitMap*) 0x00000083e7d49670
 Prev Bits: [0x00000083fb3f0000, 0x00000083fd3a0000)
 Next Bits: [0x00000083fd3a0000, 0x00000083ff350000)

Polling page: 0x00000083e5ac0000

Metaspace:

Usage:
  Non-class:     37.85 MB capacity,    37.59 MB (>99%) used,   197.14 KB ( <1%) free+waste,    61.13 KB ( <1%) overhead. 
      Class:      5.26 MB capacity,     5.06 MB ( 96%) used,   174.89 KB (  3%) free+waste,    27.06 KB ( <1%) overhead. 
       Both:     43.10 MB capacity,    42.66 MB ( 99%) used,   372.03 KB ( <1%) free+waste,    88.19 KB ( <1%) overhead. 

Virtual space:
  Non-class space:       38.00 MB reserved,      37.96 MB (>99%) committed 
      Class space:        1.00 GB reserved,       5.37 MB ( <1%) committed 
             Both:        1.04 GB reserved,      43.33 MB (  4%) committed 

Chunk freelists:
   Non-Class:  50.00 KB
       Class:  23.00 KB
        Both:  73.00 KB

MaxMetaspaceSize: 17179869184.00 GB
CompressedClassSpaceSize: 1.00 GB
Initial GC threshold: 20.80 MB
Current GC threshold: 59.71 MB
CDS: off

CodeHeap 'non-profiled nmethods': size=120064Kb used=1233Kb max_used=1233Kb free=118830Kb
 bounds [0x00000083f32b0000, 0x00000083f3520000, 0x00000083fa7f0000]
CodeHeap 'profiled nmethods': size=120000Kb used=6288Kb max_used=6288Kb free=113711Kb
 bounds [0x00000083ebd80000, 0x00000083ec3b0000, 0x00000083f32b0000]
CodeHeap 'non-nmethods': size=5696Kb used=1260Kb max_used=1293Kb free=4435Kb
 bounds [0x00000083eb7f0000, 0x00000083eba60000, 0x00000083ebd80000]
 total_blobs=3524 nmethods=2979 adapters=457
 compilation: enabled
              stopped_count=0, restarted_count=0
 full_count=0

Compilation events (20 events):
Event: 4.854 Thread 0x00000083872ad800 nmethod 2975 0x00000083f33e3410 code [0x00000083f33e35a0, 0x00000083f33e3b98]
Event: 4.855 Thread 0x0000008382898800 nmethod 2984 0x00000083ec39ea90 code [0x00000083ec39ecc0, 0x00000083ec39f718]
Event: 4.855 Thread 0x0000008382898800 2983       3       org.jetbrains.kotlin.com.intellij.openapi.util.UserDataHolderBase::getUserMap (13 bytes)
Event: 4.855 Thread 0x0000008382898800 nmethod 2983 0x00000083ec39fa90 code [0x00000083ec39fc40, 0x00000083ec39fdc8]
Event: 4.855 Thread 0x0000008382898800 2985       1       org.jetbrains.kotlin.com.intellij.psi.impl.source.tree.TreeElement::getTreeNext (5 bytes)
Event: 4.856 Thread 0x0000008382898800 nmethod 2985 0x00000083f33e3d10 code [0x00000083f33e3ec0, 0x00000083f33e3f78]
Event: 4.856 Thread 0x0000008382898800 2986       3       java.lang.invoke.InnerClassLambdaMetafactory::getLoadOpcode (25 bytes)
Event: 4.856 Thread 0x0000008382898800 nmethod 2986 0x00000083ec39fe90 code [0x00000083ec3a0060, 0x00000083ec3a0278]
Event: 4.856 Thread 0x0000008382898800 2987       3       java.lang.invoke.InnerClassLambdaMetafactory::getParameterSize (27 bytes)
Event: 4.856 Thread 0x0000008382898800 nmethod 2987 0x00000083ec3a0390 code [0x00000083ec3a0540, 0x00000083ec3a0718]
Event: 4.858 Thread 0x0000008382898800 2988       3       java.lang.invoke.MemberName::hashCode (43 bytes)
Event: 4.859 Thread 0x0000008382898800 nmethod 2988 0x00000083ec3a0790 code [0x00000083ec3a0a00, 0x00000083ec3a16a8]
Event: 4.859 Thread 0x0000008382898800 2989       3       java.util.Objects::hash (5 bytes)
Event: 4.859 Thread 0x0000008382898800 nmethod 2989 0x00000083ec3a1a10 code [0x00000083ec3a1bc0, 0x00000083ec3a1cc8]
Event: 4.862 Thread 0x0000008382898800 2990       3       jdk.internal.org.objectweb.asm.ClassWriter::<init> (117 bytes)
Event: 4.863 Thread 0x0000008382898800 nmethod 2990 0x00000083ec3a1d90 code [0x00000083ec3a2020, 0x00000083ec3a2c48]
Event: 4.863 Thread 0x0000008382898800 2992       3       jdk.internal.org.objectweb.asm.ClassWriter::visit (121 bytes)
Event: 4.864 Thread 0x0000008382898800 nmethod 2992 0x00000083ec3a2f10 code [0x00000083ec3a3140, 0x00000083ec3a3898]
Event: 4.865 Thread 0x0000008382898800 2991       3       jdk.internal.org.objectweb.asm.ClassVisitor::<init> (7 bytes)
Event: 4.865 Thread 0x0000008382898800 nmethod 2991 0x00000083ec3a3c10 code [0x00000083ec3a3de0, 0x00000083ec3a4108]

GC Heap History (8 events):
Event: 0.634 GC heap before
{Heap before GC invocations=0 (full 0):
 garbage-first heap   total 131072K, used 17408K [0x0000000081400000, 0x0000000100000000)
  region size 1024K, 14 young (14336K), 0 survivors (0K)
 Metaspace       used 9883K, capacity 10002K, committed 10112K, reserved 1058816K
  class space    used 829K, capacity 885K, committed 896K, reserved 1048576K
}
Event: 0.638 GC heap after
{Heap after GC invocations=1 (full 0):
 garbage-first heap   total 131072K, used 5412K [0x0000000081400000, 0x0000000100000000)
  region size 1024K, 2 young (2048K), 2 survivors (2048K)
 Metaspace       used 9883K, capacity 10002K, committed 10112K, reserved 1058816K
  class space    used 829K, capacity 885K, committed 896K, reserved 1048576K
}
Event: 1.882 GC heap before
{Heap before GC invocations=1 (full 0):
 garbage-first heap   total 131072K, used 51492K [0x0000000081400000, 0x0000000100000000)
  region size 1024K, 48 young (49152K), 2 survivors (2048K)
 Metaspace       used 20979K, capacity 21190K, committed 21248K, reserved 1069056K
  class space    used 2209K, capacity 2302K, committed 2304K, reserved 1048576K
}
Event: 1.899 GC heap after
{Heap after GC invocations=2 (full 0):
 garbage-first heap   total 131072K, used 9859K [0x0000000081400000, 0x0000000100000000)
  region size 1024K, 7 young (7168K), 7 survivors (7168K)
 Metaspace       used 20979K, capacity 21190K, committed 21248K, reserved 1069056K
  class space    used 2209K, capacity 2302K, committed 2304K, reserved 1048576K
}
Event: 3.156 GC heap before
{Heap before GC invocations=3 (full 0):
 garbage-first heap   total 131072K, used 52867K [0x0000000081400000, 0x0000000100000000)
  region size 1024K, 44 young (45056K), 7 survivors (7168K)
 Metaspace       used 30592K, capacity 31032K, committed 31228K, reserved 1077248K
  class space    used 3616K, capacity 3793K, committed 3836K, reserved 1048576K
}
Event: 3.177 GC heap after
{Heap after GC invocations=4 (full 0):
 garbage-first heap   total 131072K, used 19105K [0x0000000081400000, 0x0000000100000000)
  region size 1024K, 5 young (5120K), 5 survivors (5120K)
 Metaspace       used 30592K, capacity 31032K, committed 31228K, reserved 1077248K
  class space    used 3616K, capacity 3793K, committed 3836K, reserved 1048576K
}
Event: 3.836 GC heap before
{Heap before GC invocations=4 (full 0):
 garbage-first heap   total 131072K, used 45729K [0x0000000081400000, 0x0000000100000000)
  region size 1024K, 32 young (32768K), 5 survivors (5120K)
 Metaspace       used 35557K, capacity 35947K, committed 36048K, reserved 1081344K
  class space    used 4369K, capacity 4535K, committed 4604K, reserved 1048576K
}
Event: 3.852 GC heap after
{Heap after GC invocations=5 (full 0):
 garbage-first heap   total 131072K, used 20999K [0x0000000081400000, 0x0000000100000000)
  region size 1024K, 5 young (5120K), 5 survivors (5120K)
 Metaspace       used 35557K, capacity 35947K, committed 36048K, reserved 1081344K
  class space    used 4369K, capacity 4535K, committed 4604K, reserved 1048576K
}

Deoptimization events (20 events):
Event: 4.736 Thread 0x00000083e5c8c000 Uncommon trap: trap_request=0xffffff4d fr.pc=0x00000083f33bbba0 relative=0x0000000000000260
Event: 4.736 Thread 0x00000083e5c8c000 Uncommon trap: reason=unstable_if action=reinterpret pc=0x00000083f33bbba0 method=sun.net.www.ParseUtil.firstEncodeIndex(Ljava/lang/String;)I @ 27 c2
Event: 4.736 Thread 0x00000083e5c8c000 DEOPT PACKING pc=0x00000083f33bbba0 sp=0x00000083e74a5cd0
Event: 4.736 Thread 0x00000083e5c8c000 DEOPT UNPACKING pc=0x00000083eb83a1af sp=0x00000083e74a5af8 mode 2
Event: 4.736 Thread 0x00000083e5c8c000 Uncommon trap: trap_request=0xffffff4d fr.pc=0x00000083f3374e14 relative=0x00000000000001f4
Event: 4.736 Thread 0x00000083e5c8c000 Uncommon trap: reason=unstable_if action=reinterpret pc=0x00000083f3374e14 method=java.lang.String.indexOf(II)I @ 4 c2
Event: 4.736 Thread 0x00000083e5c8c000 DEOPT PACKING pc=0x00000083f3374e14 sp=0x00000083e74a5960
Event: 4.736 Thread 0x00000083e5c8c000 DEOPT UNPACKING pc=0x00000083eb83a1af sp=0x00000083e74a5910 mode 2
Event: 4.736 Thread 0x00000083e5c8c000 Uncommon trap: trap_request=0xffffff4d fr.pc=0x00000083f33760b4 relative=0x0000000000000194
Event: 4.736 Thread 0x00000083e5c8c000 Uncommon trap: reason=unstable_if action=reinterpret pc=0x00000083f33760b4 method=java.lang.String.startsWith(Ljava/lang/String;I)Z @ 46 c2
Event: 4.736 Thread 0x00000083e5c8c000 DEOPT PACKING pc=0x00000083f33760b4 sp=0x00000083e74a5a60
Event: 4.736 Thread 0x00000083e5c8c000 DEOPT UNPACKING pc=0x00000083eb83a1af sp=0x00000083e74a59c8 mode 2
Event: 4.736 Thread 0x00000083e5c8c000 Uncommon trap: trap_request=0xffffff4d fr.pc=0x00000083f33cf590 relative=0x0000000000000730
Event: 4.736 Thread 0x00000083e5c8c000 Uncommon trap: reason=unstable_if action=reinterpret pc=0x00000083f33cf590 method=java.lang.String.lastIndexOf(II)I @ 4 c2
Event: 4.736 Thread 0x00000083e5c8c000 DEOPT PACKING pc=0x00000083f33cf590 sp=0x00000083e74a5ad0
Event: 4.736 Thread 0x00000083e5c8c000 DEOPT UNPACKING pc=0x00000083eb83a1af sp=0x00000083e74a59c0 mode 2
Event: 4.770 Thread 0x00000083e5c8c000 Uncommon trap: trap_request=0xffffff4d fr.pc=0x00000083f33aebdc relative=0x000000000000011c
Event: 4.770 Thread 0x00000083e5c8c000 Uncommon trap: reason=unstable_if action=reinterpret pc=0x00000083f33aebdc method=java.lang.ThreadLocal$ThreadLocalMap.getEntry(Ljava/lang/ThreadLocal;)Ljava/lang/ThreadLocal$ThreadLocalMap$Entry; @ 29 c2
Event: 4.770 Thread 0x00000083e5c8c000 DEOPT PACKING pc=0x00000083f33aebdc sp=0x00000083e74ad920
Event: 4.770 Thread 0x00000083e5c8c000 DEOPT UNPACKING pc=0x00000083eb83a1af sp=0x00000083e74ad860 mode 2

Classes redefined (0 events):
No events

Internal exceptions (20 events):
Event: 1.588 Thread 0x00000083e5c8c000 Exception <a 'java/lang/NoSuchMethodError'{0x000000008702b1b8}: 'long java.lang.invoke.DelegatingMethodHandle$Holder.reinvoke_L(java.lang.Object, java.lang.Object, java.lang.Object)'> (0x000000008702b1b8) thrown at [./src/hotspot/share/interpreter/linkResolver.cpp, line 773]
Event: 1.591 Thread 0x00000083e5c8c000 Exception <a 'java/lang/NoSuchMethodError'{0x0000000087034e78}: 'int java.lang.invoke.DirectMethodHandle$Holder.invokeSpecial(java.lang.Object, java.lang.Object, java.lang.Object, java.lang.Object)'> (0x0000000087034e78) thrown at [./src/hotspot/share/interpreter/linkResolver.cpp, line 773]
Event: 1.594 Thread 0x00000083e5c8c000 Exception <a 'java/lang/NoSuchMethodError'{0x0000000087043c58}: 'int java.lang.invoke.DelegatingMethodHandle$Holder.reinvoke_L(java.lang.Object, java.lang.Object, java.lang.Object, long, int)'> (0x0000000087043c58) thrown at [./src/hotspot/share/interpreter/linkResolver.cpp, line 773]
Event: 1.738 Thread 0x00000083e5c8c000 Exception <a 'java/lang/NoSuchMethodError'{0x0000000086cb4e38}: 'int java.lang.invoke.DirectMethodHandle$Holder.invokeSpecialIFC(java.lang.Object, java.lang.Object, int)'> (0x0000000086cb4e38) thrown at [./src/hotspot/share/interpreter/linkResolver.cpp, line 773]
Event: 1.874 Thread 0x00000083e5c8c000 Exception <a 'java/lang/NoSuchMethodError'{0x00000000865f4ce8}: 'java.lang.Object java.lang.invoke.DirectMethodHandle$Holder.invokeStaticInit(java.lang.Object, int)'> (0x00000000865f4ce8) thrown at [./src/hotspot/share/interpreter/linkResolver.cpp, line 773]
Event: 1.938 Thread 0x00000083e5c8c000 Exception <a 'java/lang/NoSuchMethodError'{0x0000000089255750}: 'long java.lang.invoke.DirectMethodHandle$Holder.invokeStatic(java.lang.Object)'> (0x0000000089255750) thrown at [./src/hotspot/share/interpreter/linkResolver.cpp, line 773]
Event: 1.938 Thread 0x00000083e5c8c000 Exception <a 'java/lang/NoSuchMethodError'{0x00000000892585a8}: 'long java.lang.invoke.DirectMethodHandle$Holder.invokeStaticInit(java.lang.Object)'> (0x00000000892585a8) thrown at [./src/hotspot/share/interpreter/linkResolver.cpp, line 773]
Event: 2.012 Thread 0x00000083e5c8c000 Exception <a 'java/lang/NoSuchMethodError'{0x0000000088e54e00}: 'int java.lang.invoke.DirectMethodHandle$Holder.invokeStaticInit(java.lang.Object, java.lang.Object, java.lang.Object)'> (0x0000000088e54e00) thrown at [./src/hotspot/share/interpreter/linkResolver.cpp, line 773]
Event: 2.017 Thread 0x00000083e5c8c000 Exception <a 'java/lang/NoSuchMethodError'{0x0000000088e807f0}: 'int java.lang.invoke.DirectMethodHandle$Holder.invokeStaticInit(java.lang.Object, java.lang.Object)'> (0x0000000088e807f0) thrown at [./src/hotspot/share/interpreter/linkResolver.cpp, line 773]
Event: 2.076 Thread 0x00000083e5c8c000 Exception <a 'java/lang/NoSuchMethodError'{0x0000000088c95188}: 'void java.lang.invoke.DirectMethodHandle$Holder.invokeSpecial(java.lang.Object, java.lang.Object)'> (0x0000000088c95188) thrown at [./src/hotspot/share/interpreter/linkResolver.cpp, line 773]
Event: 2.340 Thread 0x00000083e5c8c000 Exception <a 'java/lang/NoSuchMethodError'{0x00000000884fbb10}: 'java.lang.Object java.lang.invoke.DirectMethodHandle$Holder.invokeStatic(java.lang.Object, java.lang.Object, java.lang.Object, java.lang.Object, java.lang.Object, java.lang.Object, java.lang.Object, java.lang.Object, java.lang.Object, java.lang.Object, java.lang.Object, java.lang.Object, java.lang.Object, java.lang.Object, java.lang.Object)'> (0x00000000884fbb10) thrown at [./src/hotspot/share/interpreter/linkResolver.cpp, line 773]
Event: 2.342 Thread 0x00000083e5c8c000 Exception <a 'java/lang/NoSuchMethodError'{0x0000000088309fc8}: 'java.lang.Object java.lang.invoke.DirectMethodHandle$Holder.invokeStatic(java.lang.Object, java.lang.Object, java.lang.Object, java.lang.Object, java.lang.Object, java.lang.Object, java.lang.Object, java.lang.Object, java.lang.Object, java.lang.Object, java.lang.Object, java.lang.Object, java.lang.Object, java.lang.Object, java.lang.Object, java.lang.Object)'> (0x0000000088309fc8) thrown at [./src/hotspot/share/interpreter/linkResolver.cpp, l
Event: 2.344 Thread 0x00000083e5c8c000 Exception <a 'java/lang/NoSuchMethodError'{0x0000000088317ee0}: 'java.lang.Object java.lang.invoke.DirectMethodHandle$Holder.invokeSpecial(java.lang.Object, java.lang.Object, int, int, java.lang.Object, java.lang.Object, java.lang.Object)'> (0x0000000088317ee0) thrown at [./src/hotspot/share/interpreter/linkResolver.cpp, line 773]
Event: 2.344 Thread 0x00000083e5c8c000 Exception <a 'java/lang/NoSuchMethodError'{0x000000008831b718}: 'java.lang.Object java.lang.invoke.DelegatingMethodHandle$Holder.reinvoke_L(java.lang.Object, int, int, java.lang.Object, java.lang.Object, java.lang.Object)'> (0x000000008831b718) thrown at [./src/hotspot/share/interpreter/linkResolver.cpp, line 773]
Event: 2.345 Thread 0x00000083e5c8c000 Exception <a 'java/lang/NoSuchMethodError'{0x000000008831faa0}: 'java.lang.Object java.lang.invoke.DirectMethodHandle$Holder.invokeStatic(java.lang.Object, java.lang.Object, java.lang.Object, java.lang.Object, int)'> (0x000000008831faa0) thrown at [./src/hotspot/share/interpreter/linkResolver.cpp, line 773]
Event: 2.393 Thread 0x00000083e5c8c000 Exception <a 'java/lang/NoSuchMethodError'{0x0000000088244cc8}: 'void java.lang.invoke.DirectMethodHandle$Holder.invokeStatic(java.lang.Object, java.lang.Object, java.lang.Object, java.lang.Object)'> (0x0000000088244cc8) thrown at [./src/hotspot/share/interpreter/linkResolver.cpp, line 773]
Event: 2.505 Thread 0x00000083e5c8c000 Exception <a 'java/lang/NoSuchMethodError'{0x0000000087e2bb90}: 'void java.lang.invoke.DirectMethodHandle$Holder.invokeStaticInit(java.lang.Object, java.lang.Object)'> (0x0000000087e2bb90) thrown at [./src/hotspot/share/interpreter/linkResolver.cpp, line 773]
Event: 2.649 Thread 0x00000083e5c8c000 Exception <a 'java/lang/NoSuchMethodError'{0x0000000087a5b640}: 'void java.lang.invoke.DirectMethodHandle$Holder.invokeVirtual(java.lang.Object, java.lang.Object)'> (0x0000000087a5b640) thrown at [./src/hotspot/share/interpreter/linkResolver.cpp, line 773]
Event: 2.664 Thread 0x00000083e5c8c000 Exception <a 'java/lang/NoSuchMethodError'{0x0000000087ae4810}: 'int java.lang.invoke.DirectMethodHandle$Holder.invokeVirtual(java.lang.Object, java.lang.Object)'> (0x0000000087ae4810) thrown at [./src/hotspot/share/interpreter/linkResolver.cpp, line 773]
Event: 3.768 Thread 0x00000083e5c8c000 Exception <a 'java/lang/NoSuchMethodError'{0x0000000087b19020}: 'java.lang.Object java.lang.invoke.DirectMethodHandle$Holder.invokeVirtual(java.lang.Object, java.lang.Object, java.lang.Object)'> (0x0000000087b19020) thrown at [./src/hotspot/share/interpreter/linkResolver.cpp, line 773]

Events (20 events):
Event: 4.879 loading class org/jetbrains/kotlin/util/slicedMap/OpenAddressLinearProbingHashTable$Companion
Event: 4.879 loading class org/jetbrains/kotlin/util/slicedMap/OpenAddressLinearProbingHashTable$Companion done
Event: 4.879 loading class org/jetbrains/kotlin/util/slicedMap/OpenAddressLinearProbingHashTableKt
Event: 4.879 loading class org/jetbrains/kotlin/util/slicedMap/OpenAddressLinearProbingHashTableKt done
Event: 4.879 loading class org/jetbrains/kotlin/com/intellij/psi/util/PsiTreeUtil
Event: 4.879 loading class org/jetbrains/kotlin/com/intellij/psi/util/PsiTreeUtil done
Event: 4.882 loading class org/jetbrains/kotlin/com/intellij/psi/search/PsiElementProcessor
Event: 4.882 loading class org/jetbrains/kotlin/com/intellij/psi/search/PsiElementProcessor done
Event: 4.882 loading class org/jetbrains/kotlin/com/intellij/psi/search/PsiElementProcessor$CollectElements
Event: 4.882 loading class org/jetbrains/kotlin/com/intellij/psi/search/PsiElementProcessor$CollectElements done
Event: 4.882 loading class org/jetbrains/kotlin/com/intellij/psi/util/PsiTreeUtil$3
Event: 4.882 loading class org/jetbrains/kotlin/com/intellij/psi/util/PsiTreeUtil$3 done
Event: 4.883 loading class org/jetbrains/kotlin/com/intellij/psi/search/PsiElementProcessor$FindElement
Event: 4.883 loading class org/jetbrains/kotlin/com/intellij/psi/search/PsiElementProcessor$FindElement done
Event: 4.883 loading class org/jetbrains/kotlin/com/intellij/psi/util/PsiTreeUtil$1
Event: 4.883 loading class org/jetbrains/kotlin/com/intellij/psi/util/PsiTreeUtil$1 done
Event: 4.883 loading class org/jetbrains/kotlin/com/intellij/psi/util/PsiTreeUtil$4
Event: 4.883 loading class org/jetbrains/kotlin/com/intellij/psi/util/PsiTreeUtil$4 done
Event: 4.884 loading class org/jetbrains/kotlin/com/intellij/psi/util/PsiTreeUtil$2
Event: 4.884 loading class org/jetbrains/kotlin/com/intellij/psi/util/PsiTreeUtil$2 done


Dynamic libraries:
0x00007ff759b40000 - 0x00007ff759b4a000 	C:\Program Files\Android\Android Studio\jre\bin\java.exe
0x00007ff9436e0000 - 0x00007ff94388d000 	C:\Windows\SYSTEM32\ntdll.dll
0x00007ff942cb0000 - 0x00007ff942def000 	C:\Windows\system32\KERNEL32.DLL
0x00007ff940b00000 - 0x00007ff940c15000 	C:\Windows\system32\KERNELBASE.dll
0x00007ff910de0000 - 0x00007ff910df9000 	C:\Program Files\Android\Android Studio\jre\bin\jli.dll
0x00007ff93c5b0000 - 0x00007ff93c5c7000 	C:\Program Files\Android\Android Studio\jre\bin\VCRUNTIME140.dll
0x00007ff939300000 - 0x00007ff939304000 	C:\Windows\SYSTEM32\api-ms-win-crt-stdio-l1-1-0.dll
0x00007ff9392e0000 - 0x00007ff9392e4000 	C:\Windows\SYSTEM32\api-ms-win-crt-runtime-l1-1-0.dll
0x00007ff938c20000 - 0x00007ff938c23000 	C:\Windows\SYSTEM32\api-ms-win-crt-environment-l1-1-0.dll
0x00007ff938c00000 - 0x00007ff938c05000 	C:\Windows\SYSTEM32\api-ms-win-crt-math-l1-1-0.dll
0x00007ff920480000 - 0x00007ff920483000 	C:\Windows\SYSTEM32\api-ms-win-crt-locale-l1-1-0.dll
0x00007ff9388d0000 - 0x00007ff9388d3000 	C:\Windows\SYSTEM32\api-ms-win-crt-heap-l1-1-0.dll
0x00007ff93de40000 - 0x00007ff93e0bb000 	C:\Windows\WinSxS\amd64_microsoft.windows.common-controls_6595b64144ccf1df_6.0.9600.19394_none_62486577ecb635cf\COMCTL32.dll
0x00007ff9433b0000 - 0x00007ff943527000 	C:\Windows\system32\USER32.dll
0x00007ff938bf0000 - 0x00007ff938bf3000 	C:\Windows\SYSTEM32\api-ms-win-crt-filesystem-l1-1-0.dll
0x00007ff9392f0000 - 0x00007ff9392f4000 	C:\Windows\SYSTEM32\api-ms-win-crt-string-l1-1-0.dll
0x00007ff938c30000 - 0x00007ff938c34000 	C:\Windows\SYSTEM32\api-ms-win-crt-convert-l1-1-0.dll
0x00007ff942fd0000 - 0x00007ff94307a000 	C:\Windows\system32\msvcrt.dll
0x00007ff943530000 - 0x00007ff94367e000 	C:\Windows\system32\GDI32.dll
0x00007ff932c30000 - 0x00007ff932d24000 	C:\Windows\SYSTEM32\ucrtbase.DLL
0x00007ff940e20000 - 0x00007ff940e56000 	C:\Windows\system32\IMM32.DLL
0x00007ff943250000 - 0x00007ff9433a1000 	C:\Windows\system32\MSCTF.dll
0x00007ff932210000 - 0x00007ff9322ad000 	C:\Program Files\Android\Android Studio\jre\bin\msvcp140.dll
0x00007ff920470000 - 0x00007ff920475000 	C:\Windows\SYSTEM32\api-ms-win-crt-multibyte-l1-1-0.dll
0x00007ff938bc0000 - 0x00007ff938bc3000 	C:\Windows\SYSTEM32\api-ms-win-crt-time-l1-1-0.dll
0x00007ff938c10000 - 0x00007ff938c13000 	C:\Windows\SYSTEM32\api-ms-win-crt-utility-l1-1-0.dll
0x00007ff91e400000 - 0x00007ff91ef02000 	C:\Program Files\Android\Android Studio\jre\bin\server\jvm.dll
0x00007ff940e60000 - 0x00007ff940f0d000 	C:\Windows\system32\ADVAPI32.dll
0x00007ff93c5d0000 - 0x00007ff93c5d9000 	C:\Windows\SYSTEM32\WSOCK32.dll
0x00007ff939010000 - 0x00007ff939032000 	C:\Windows\SYSTEM32\WINMM.dll
0x00007ff939050000 - 0x00007ff93905a000 	C:\Windows\SYSTEM32\VERSION.dll
0x00007ff942740000 - 0x00007ff942747000 	C:\Windows\system32\PSAPI.DLL
0x00007ff942a40000 - 0x00007ff942a9b000 	C:\Windows\SYSTEM32\sechost.dll
0x00007ff942b70000 - 0x00007ff942ca5000 	C:\Windows\system32\RPCRT4.dll
0x00007ff9426e0000 - 0x00007ff94273a000 	C:\Windows\system32\WS2_32.dll
0x00007ff938fe0000 - 0x00007ff93900a000 	C:\Windows\SYSTEM32\WINMMBASE.dll
0x00007ff940c20000 - 0x00007ff940c4e000 	C:\Windows\system32\SspiCli.dll
0x00007ff943080000 - 0x00007ff943089000 	C:\Windows\system32\NSI.dll
0x00007ff940850000 - 0x00007ff94089f000 	C:\Windows\SYSTEM32\cfgmgr32.dll
0x00007ff93f5b0000 - 0x00007ff93f5d8000 	C:\Windows\SYSTEM32\DEVOBJ.dll
0x00007ff937080000 - 0x00007ff937091000 	C:\Program Files\Android\Android Studio\jre\bin\verify.dll
0x00007ff932eb0000 - 0x00007ff93303a000 	C:\Windows\SYSTEM32\DBGHELP.DLL
0x00007ff932c00000 - 0x00007ff932c29000 	C:\Program Files\Android\Android Studio\jre\bin\java.dll
0x00007ff9388c0000 - 0x00007ff9388cb000 	C:\Program Files\Android\Android Studio\jre\bin\jimage.dll
0x00007ff932be0000 - 0x00007ff932bf8000 	C:\Program Files\Android\Android Studio\jre\bin\zip.dll
0x00007ff940f90000 - 0x00007ff9424bc000 	C:\Windows\system32\SHELL32.dll
0x00007ff9424c0000 - 0x00007ff9426d2000 	C:\Windows\SYSTEM32\combase.dll
0x00007ff943680000 - 0x00007ff9436d4000 	C:\Windows\system32\SHLWAPI.dll
0x00007ff93e830000 - 0x00007ff93e8e2000 	C:\Windows\SYSTEM32\SHCORE.dll
0x00007ff940740000 - 0x00007ff940755000 	C:\Windows\SYSTEM32\profapi.dll
0x00007ff932bc0000 - 0x00007ff932bda000 	C:\Program Files\Android\Android Studio\jre\bin\net.dll
0x00007ff939640000 - 0x00007ff939709000 	C:\Windows\SYSTEM32\WINHTTP.dll
0x00007ff93ffc0000 - 0x00007ff940019000 	C:\Windows\system32\mswsock.dll
0x00007ff932b70000 - 0x00007ff932b84000 	C:\Program Files\Android\Android Studio\jre\bin\nio.dll

dbghelp: loaded successfully - version: 4.0.5 - missing functions: none
symbol engine: initialized successfully - sym options: 0x614 - pdb path: .;C:\Program Files\Android\Android Studio\jre\bin;C:\Windows\SYSTEM32;C:\Windows\WinSxS\amd64_microsoft.windows.common-controls_6595b64144ccf1df_6.0.9600.19394_none_62486577ecb635cf;C:\Program Files\Android\Android Studio\jre\bin\server

VM Arguments:
java_command: org.jetbrains.kotlin.cli.jvm.K2JVMCompiler @C:\Users\Nadezhda S\AndroidStudioProjects\Maket1\app\build\20221101_5598464213061308539.compiler.options
java_class_path (initial): C:\Users\Nadezhda S\.gradle\caches\modules-2\files-2.1\org.jetbrains.kotlin\kotlin-compiler-embeddable\1.7.10\909803167c98606fcf22b4c848647c68e351d48d\kotlin-compiler-embeddable-1.7.10.jar;C:\Users\Nadezhda S\.gradle\caches\modules-2\files-2.1\org.jetbrains.kotlin\kotlin-reflect\1.7.10\165e600dfea6185cf5efa700756294cc4904dbeb\kotlin-reflect-1.7.10.jar;C:\Users\Nadezhda S\.gradle\caches\modules-2\files-2.1\org.jetbrains.kotlin\kotlin-stdlib\1.7.10\d2abf9e77736acc4450dc4a3f707fa2c10f5099d\kotlin-stdlib-1.7.10.jar;C:\Users\Nadezhda S\.gradle\caches\modules-2\files-2.1\org.jetbrains.kotlin\kotlin-script-runtime\1.7.10\c99c87a6988d8fd8d5142e9ed5c9f34a7cf561ee\kotlin-script-runtime-1.7.10.jar;C:\Users\Nadezhda S\.gradle\caches\modules-2\files-2.1\org.jetbrains.kotlin\kotlin-daemon-embeddable\1.7.10\3a9f7aef7080d3ae63126cbba4f827ed664f32fa\kotlin-daemon-embeddable-1.7.10.jar;C:\Users\Nadezhda S\.gradle\caches\modules-2\files-2.1\org.jetbrains.intellij.deps\trove4j\1.0.20200330\3afb14d5f9ceb459d724e907a21145e8ff394f02\trove4j-1.0.20200330.jar;C:\Users\Nadezhda S\.gradle\caches\modules-2\files-2.1\net.java.dev.jna\jna\5.6.0\330f2244e9030119ab3030fc3fededc86713d9cc\jna-5.6.0.jar;C:\Users\Nadezhda S\.gradle\caches\modules-2\files-2.1\org.jetbrains.kotlin\kotlin-stdlib-common\1.7.10\bac80c520d0a9e3f3673bc2658c6ed02ef45a76a\kotlin-stdlib-common-1.7.10.jar;C:\Users\Nadezhda S\.gradle\caches\modules-2\files-2.1\org.jetbrains\annotations\13.0\919f0dfe192fb4e063e7dacadee7f8bb9a2672a9\annotations-13.0.jar
Launcher Type: SUN_STANDARD

[Global flags]
     intx CICompilerCount                          = 3                                         {product} {ergonomic}
     uint ConcGCThreads                            = 1                                         {product} {ergonomic}
     uint G1ConcRefinementThreads                  = 4                                         {product} {ergonomic}
   size_t G1HeapRegionSize                         = 1048576                                   {product} {ergonomic}
    uintx GCDrainStackTargetSize                   = 64                                        {product} {ergonomic}
   size_t InitialHeapSize                          = 134217728                                 {product} {ergonomic}
   size_t MarkStackSize                            = 4194304                                   {product} {ergonomic}
   size_t MaxHeapSize                              = 2126512128                                {product} {ergonomic}
   size_t MaxNewSize                               = 1275068416                                {product} {ergonomic}
   size_t MinHeapDeltaBytes                        = 1048576                                   {product} {ergonomic}
    uintx NonNMethodCodeHeapSize                   = 5830732                                {pd product} {ergonomic}
    uintx NonProfiledCodeHeapSize                  = 122913754                              {pd product} {ergonomic}
    uintx ProfiledCodeHeapSize                     = 122913754                              {pd product} {ergonomic}
    uintx ReservedCodeCacheSize                    = 251658240                              {pd product} {ergonomic}
     bool SegmentedCodeCache                       = true                                      {product} {ergonomic}
     bool UseCompressedClassPointers               = true                                 {lp64_product} {ergonomic}
     bool UseCompressedOops                        = true                                 {lp64_product} {ergonomic}
     bool UseG1GC                                  = true                                      {product} {ergonomic}
     bool UseLargePagesIndividualAllocation        = false                                  {pd product} {ergonomic}

Logging:
Log output configuration:
 #0: stdout all=warning uptime,level,tags
 #1: stderr all=off uptime,level,tags

Environment Variables:
PATH=C:\Windows\system32;C:\Windows;C:\Windows\System32\Wbem;C:\Windows\System32\WindowsPowerShell\v1.0\;C:\Program Files\Git\cmd
USERNAME=Nadezhda S
OS=Windows_NT
PROCESSOR_IDENTIFIER=Intel64 Family 6 Model 42 Stepping 7, GenuineIntel



---------------  S Y S T E M  ---------------

OS: Windows 8.1 , 64 bit Build 9600 (6.3.9600.20389)
OS uptime: 0 days 2:34 hours

CPU:total 4 (initial active 4) (2 cores per cpu, 2 threads per core) family 6 model 42 stepping 7 microcode 0x28, cmov, cx8, fxsr, mmx, sse, sse2, sse3, ssse3, sse4.1, sse4.2, popcnt, avx, aes, clmul, ht, tsc, tscinvbit

Memory: 4k page, system-wide physical 8105M (622M free)
TotalPageFile size 8105M (AvailPageFile size 5M)
current process WorkingSet (physical memory assigned to process): 206M, peak: 206M
current process commit charge ("private bytes"): 290M, peak: 291M

vm_info: OpenJDK 64-Bit Server VM (11.0.13+0-b1751.21-8125866) for windows-amd64 JRE (11.0.13+0-b1751.21-8125866), built on Feb  2 2022 03:00:22 by "builder" with MS VC++ 14.0 (VS2015)

END.
